<?xml version="1.0" encoding="UTF-8"?>
<!-- Generated by org.testng.reporters.JUnitReportReporter -->
<testsuite skipped="0" hostname="DESKTOP-UR5LEMI" name="AppiumProject.AppiumFramework.ApiDemo_test_case1" tests="2" failures="0" timestamp="2020-07-30T04:53:36 EDT" time="70.491" errors="0">
  <testcase name="apiDemos" time="37.699" classname="AppiumProject.AppiumFramework.ApiDemo_test_case1"/>
  <system-out/>
  <testcase name="apiDemos" time="32.792" classname="AppiumProject.AppiumFramework.ApiDemo_test_case1"/>
  <system-out/>
</testsuite> <!-- AppiumProject.AppiumFramework.ApiDemo_test_case1 -->
