<?xml version="1.0" encoding="UTF-8"?>
<!-- Generated by org.testng.reporters.JUnitReportReporter -->
<testsuite skipped="0" hostname="DESKTOP-UR5LEMI" name="AppiumProject.AppiumFramework.Ecommerce_test_case1" tests="1" failures="0" timestamp="2020-07-30T04:53:36 EDT" time="50.097" errors="0">
  <testcase name="totalValidation" time="50.097" classname="AppiumProject.AppiumFramework.Ecommerce_test_case1"/>
  <system-out/>
</testsuite> <!-- AppiumProject.AppiumFramework.Ecommerce_test_case1 -->
