<?xml version="1.0" encoding="UTF-8"?>
<!-- Generated by org.testng.reporters.JUnitReportReporter -->
<testsuite skipped="0" hostname="DESKTOP-UR5LEMI" name="AppiumProject.AppiumFramework.Ecommerce_test_case1" tests="1" failures="0" timestamp="30 Jul 2020 23:50:56 GMT" time="39.612" errors="0">
  <testcase name="totalValidation" time="39.612" classname="AppiumProject.AppiumFramework.Ecommerce_test_case1"/>
</testsuite> <!-- AppiumProject.AppiumFramework.Ecommerce_test_case1 -->
