<?xml version="1.0" encoding="UTF-8"?>
<!-- Generated by org.testng.reporters.JUnitReportReporter -->
<testsuite skipped="0" hostname="DESKTOP-UR5LEMI" name="AppiumProject.AppiumFramework.ApiDemo_test_case1" tests="2" failures="0" timestamp="30 Jul 2020 23:50:56 GMT" time="69.339" errors="0">
  <testcase name="apiDemos" time="33.521" classname="AppiumProject.AppiumFramework.ApiDemo_test_case1"/>
  <testcase name="apiDemos" time="35.818" classname="AppiumProject.AppiumFramework.ApiDemo_test_case1"/>
</testsuite> <!-- AppiumProject.AppiumFramework.ApiDemo_test_case1 -->
